<?xml version="1.0" encoding="UTF-8"?>
<!-- Generated by org.testng.reporters.JUnitXMLReporter -->
<testsuite ignored="0" hostname="LAPTOP-4V52DMIG" failures="0" tests="4" name="Test" time="41.712" errors="0" timestamp="2020-08-27T07:18:54 IST">
  <testcase classname="tests.FourTest" name="testFour" time="10.57"/>
  <testcase classname="tests.TwoTest" name="testTwo" time="9.142"/>
  <testcase classname="tests.LoginTest" name="login" time="4.454"/>
  <testcase classname="tests.ThreeTest" name="testThree" time="9.334"/>
</testsuite> <!-- Test -->
