<?xml version="1.0" encoding="UTF-8"?>
<!-- Generated by org.testng.reporters.JUnitXMLReporter -->
<testsuite ignored="0" hostname="LAPTOP-4V52DMIG" failures="0" tests="5" name="Test" time="38.314" errors="0" timestamp="2020-08-26T08:29:49 IST">
  <testcase classname="tests.FourTest" name="testFour" time="0.007"/>
  <testcase classname="tests.TwoTest" name="testTwo" time="0.0"/>
  <testcase classname="tests.LoginTest" name="login" time="4.698"/>
  <testcase classname="tests.LoginTest" name="login" time="14.351"/>
  <testcase classname="tests.ThreeTest" name="testThree" time="0.001"/>
</testsuite> <!-- Test -->
